{"$message_type":"diagnostic","message":"mismatched types","code":{"code":"E0308","explanation":"Expected type did not match the received type.\n\nErroneous code examples:\n\n```compile_fail,E0308\nfn plus_one(x: i32) -> i32 {\n    x + 1\n}\n\nplus_one(\"Not a number\");\n//       ^^^^^^^^^^^^^^ expected `i32`, found `&str`\n\nif \"Not a bool\" {\n// ^^^^^^^^^^^^ expected `bool`, found `&str`\n}\n\nlet x: f32 = \"Not a float\";\n//     ---   ^^^^^^^^^^^^^ expected `f32`, found `&str`\n//     |\n//     expected due to this\n```\n\nThis error occurs when an expression was used in a place where the compiler\nexpected an expression of a different type. It can occur in several cases, the\nmost common being when calling a function and passing an argument which has a\ndifferent type than the matching type in the function declaration.\n"},"level":"error","spans":[{"file_name":"src\\bin\\primes.rs","byte_start":165,"byte_end":172,"line_start":9,"line_end":9,"column_start":10,"column_end":17,"is_primary":true,"text":[{"text":"\t\tif n % divisor == 0 {","highlight_start":10,"highlight_end":17}],"label":"expected `u64`, found `u32`","suggested_replacement":null,"suggestion_applicability":null,"expansion":null}],"children":[],"rendered":"\u001b[1m\u001b[91merror[E0308]\u001b[0m\u001b[1m\u001b[97m: mismatched types\u001b[0m\n \u001b[1m\u001b[96m--> \u001b[0msrc\\bin\\primes.rs:9:10\n  \u001b[1m\u001b[96m|\u001b[0m\n\u001b[1m\u001b[96m9\u001b[0m \u001b[1m\u001b[96m|\u001b[0m         if n % divisor == 0 {\n  \u001b[1m\u001b[96m|\u001b[0m                \u001b[1m\u001b[91m^^^^^^^\u001b[0m \u001b[1m\u001b[91mexpected `u64`, found `u32`\u001b[0m\n\n"}
{"$message_type":"diagnostic","message":"cannot calculate the remainder of `&u64` divided by `u32`","code":{"code":"E0277","explanation":"You tried to use a type which doesn't implement some trait in a place which\nexpected that trait.\n\nErroneous code example:\n\n```compile_fail,E0277\n// here we declare the Foo trait with a bar method\ntrait Foo {\n    fn bar(&self);\n}\n\n// we now declare a function which takes an object implementing the Foo trait\nfn some_func<T: Foo>(foo: T) {\n    foo.bar();\n}\n\nfn main() {\n    // we now call the method with the i32 type, which doesn't implement\n    // the Foo trait\n    some_func(5i32); // error: the trait bound `i32 : Foo` is not satisfied\n}\n```\n\nIn order to fix this error, verify that the type you're using does implement\nthe trait. Example:\n\n```\ntrait Foo {\n    fn bar(&self);\n}\n\n// we implement the trait on the i32 type\nimpl Foo for i32 {\n    fn bar(&self) {}\n}\n\nfn some_func<T: Foo>(foo: T) {\n    foo.bar(); // we can now use this method since i32 implements the\n               // Foo trait\n}\n\nfn main() {\n    some_func(5i32); // ok!\n}\n```\n\nOr in a generic context, an erroneous code example would look like:\n\n```compile_fail,E0277\nfn some_func<T>(foo: T) {\n    println!(\"{:?}\", foo); // error: the trait `core::fmt::Debug` is not\n                           //        implemented for the type `T`\n}\n\nfn main() {\n    // We now call the method with the i32 type,\n    // which *does* implement the Debug trait.\n    some_func(5i32);\n}\n```\n\nNote that the error here is in the definition of the generic function. Although\nwe only call it with a parameter that does implement `Debug`, the compiler\nstill rejects the function. It must work with all possible input types. In\norder to make this example compile, we need to restrict the generic type we're\naccepting:\n\n```\nuse std::fmt;\n\n// Restrict the input type to types that implement Debug.\nfn some_func<T: fmt::Debug>(foo: T) {\n    println!(\"{:?}\", foo);\n}\n\nfn main() {\n    // Calling the method is still fine, as i32 implements Debug.\n    some_func(5i32);\n\n    // This would fail to compile now:\n    // struct WithoutDebug;\n    // some_func(WithoutDebug);\n}\n```\n\nRust only looks at the signature of the called function, as such it must\nalready specify all requirements that will be used for every type parameter.\n"},"level":"error","spans":[{"file_name":"src\\bin\\primes.rs","byte_start":163,"byte_end":164,"line_start":9,"line_end":9,"column_start":8,"column_end":9,"is_primary":true,"text":[{"text":"\t\tif n % divisor == 0 {","highlight_start":8,"highlight_end":9}],"label":"no implementation for `&u64 % u32`","suggested_replacement":null,"suggestion_applicability":null,"expansion":null}],"children":[{"message":"the trait `Rem<u32>` is not implemented for `&u64`","code":null,"level":"help","spans":[],"children":[],"rendered":null},{"message":"the following other types implement trait `Rem<Rhs>`:\n  `&u64` implements `Rem<u64>`\n  `&u64` implements `Rem`\n  `u64` implements `Rem<&u64>`\n  `u64` implements `Rem<NonZero<u64>>`\n  `u64` implements `Rem`","code":null,"level":"help","spans":[],"children":[],"rendered":null}],"rendered":"\u001b[1m\u001b[91merror[E0277]\u001b[0m\u001b[1m\u001b[97m: cannot calculate the remainder of `&u64` divided by `u32`\u001b[0m\n \u001b[1m\u001b[96m--> \u001b[0msrc\\bin\\primes.rs:9:8\n  \u001b[1m\u001b[96m|\u001b[0m\n\u001b[1m\u001b[96m9\u001b[0m \u001b[1m\u001b[96m|\u001b[0m         if n % divisor == 0 {\n  \u001b[1m\u001b[96m|\u001b[0m              \u001b[1m\u001b[91m^\u001b[0m \u001b[1m\u001b[91mno implementation for `&u64 % u32`\u001b[0m\n  \u001b[1m\u001b[96m|\u001b[0m\n  \u001b[1m\u001b[96m= \u001b[0m\u001b[1m\u001b[97mhelp\u001b[0m: the trait `Rem<u32>` is not implemented for `&u64`\n  \u001b[1m\u001b[96m= \u001b[0m\u001b[1m\u001b[97mhelp\u001b[0m: the following other types implement trait `Rem<Rhs>`:\n            `&u64` implements `Rem<u64>`\n            `&u64` implements `Rem`\n            `u64` implements `Rem<&u64>`\n            `u64` implements `Rem<NonZero<u64>>`\n            `u64` implements `Rem`\n\n"}
{"$message_type":"diagnostic","message":"mismatched types","code":{"code":"E0308","explanation":"Expected type did not match the received type.\n\nErroneous code examples:\n\n```compile_fail,E0308\nfn plus_one(x: i32) -> i32 {\n    x + 1\n}\n\nplus_one(\"Not a number\");\n//       ^^^^^^^^^^^^^^ expected `i32`, found `&str`\n\nif \"Not a bool\" {\n// ^^^^^^^^^^^^ expected `bool`, found `&str`\n}\n\nlet x: f32 = \"Not a float\";\n//     ---   ^^^^^^^^^^^^^ expected `f32`, found `&str`\n//     |\n//     expected due to this\n```\n\nThis error occurs when an expression was used in a place where the compiler\nexpected an expression of a different type. It can occur in several cases, the\nmost common being when calling a function and passing an argument which has a\ndifferent type than the matching type in the function declaration.\n"},"level":"error","spans":[{"file_name":"src\\bin\\primes.rs","byte_start":454,"byte_end":456,"line_start":26,"line_end":26,"column_start":15,"column_end":17,"is_primary":true,"text":[{"text":"\t\tif is_prime(&n){","highlight_start":15,"highlight_end":17}],"label":"expected `&u64`, found `&u32`","suggested_replacement":null,"suggestion_applicability":null,"expansion":null},{"file_name":"src\\bin\\primes.rs","byte_start":445,"byte_end":453,"line_start":26,"line_end":26,"column_start":6,"column_end":14,"is_primary":false,"text":[{"text":"\t\tif is_prime(&n){","highlight_start":6,"highlight_end":14}],"label":"arguments to this function are incorrect","suggested_replacement":null,"suggestion_applicability":null,"expansion":null}],"children":[{"message":"expected reference `&u64`\n   found reference `&u32`","code":null,"level":"note","spans":[],"children":[],"rendered":null},{"message":"function defined here","code":null,"level":"note","spans":[{"file_name":"src\\bin\\primes.rs","byte_start":38,"byte_end":44,"line_start":4,"line_end":4,"column_start":13,"column_end":19,"is_primary":false,"text":[{"text":"fn is_prime(n:&u64)->bool{","highlight_start":13,"highlight_end":19}],"label":"","suggested_replacement":null,"suggestion_applicability":null,"expansion":null},{"file_name":"src\\bin\\primes.rs","byte_start":29,"byte_end":37,"line_start":4,"line_end":4,"column_start":4,"column_end":12,"is_primary":true,"text":[{"text":"fn is_prime(n:&u64)->bool{","highlight_start":4,"highlight_end":12}],"label":null,"suggested_replacement":null,"suggestion_applicability":null,"expansion":null}],"children":[],"rendered":null}],"rendered":"\u001b[1m\u001b[91merror[E0308]\u001b[0m\u001b[1m\u001b[97m: mismatched types\u001b[0m\n  \u001b[1m\u001b[96m--> \u001b[0msrc\\bin\\primes.rs:26:15\n   \u001b[1m\u001b[96m|\u001b[0m\n\u001b[1m\u001b[96m26\u001b[0m \u001b[1m\u001b[96m|\u001b[0m         if is_prime(&n){\n   \u001b[1m\u001b[96m|\u001b[0m            \u001b[1m\u001b[96m--------\u001b[0m \u001b[1m\u001b[91m^^\u001b[0m \u001b[1m\u001b[91mexpected `&u64`, found `&u32`\u001b[0m\n   \u001b[1m\u001b[96m|\u001b[0m            \u001b[1m\u001b[96m|\u001b[0m\n   \u001b[1m\u001b[96m|\u001b[0m            \u001b[1m\u001b[96marguments to this function are incorrect\u001b[0m\n   \u001b[1m\u001b[96m|\u001b[0m\n   \u001b[1m\u001b[96m= \u001b[0m\u001b[1m\u001b[97mnote\u001b[0m: expected reference `&\u001b[1m\u001b[35mu64\u001b[0m`\n              found reference `&\u001b[1m\u001b[35mu32\u001b[0m`\n\u001b[1m\u001b[92mnote\u001b[0m: function defined here\n  \u001b[1m\u001b[96m--> \u001b[0msrc\\bin\\primes.rs:4:4\n   \u001b[1m\u001b[96m|\u001b[0m\n \u001b[1m\u001b[96m4\u001b[0m \u001b[1m\u001b[96m|\u001b[0m fn is_prime(n:&u64)->bool{\n   \u001b[1m\u001b[96m|\u001b[0m    \u001b[1m\u001b[92m^^^^^^^^\u001b[0m \u001b[1m\u001b[96m------\u001b[0m\n\n"}
{"$message_type":"diagnostic","message":"aborting due to 3 previous errors","code":null,"level":"error","spans":[],"children":[],"rendered":"\u001b[1m\u001b[91merror\u001b[0m\u001b[1m\u001b[97m: aborting due to 3 previous errors\u001b[0m\n\n"}
{"$message_type":"diagnostic","message":"Some errors have detailed explanations: E0277, E0308.","code":null,"level":"failure-note","spans":[],"children":[],"rendered":"\u001b[1m\u001b[97mSome errors have detailed explanations: E0277, E0308.\u001b[0m\n"}
{"$message_type":"diagnostic","message":"For more information about an error, try `rustc --explain E0277`.","code":null,"level":"failure-note","spans":[],"children":[],"rendered":"\u001b[1m\u001b[97mFor more information about an error, try `rustc --explain E0277`.\u001b[0m\n"}
